<?xml version="1.0" encoding="UTF-8"?>
<testsuite xmlns:xsi="http://www.w3.org/2001/XMLSchema-instance" xsi:noNamespaceSchemaLocation="https://maven.apache.org/surefire/maven-surefire-plugin/xsd/surefire-test-report.xsd" name="org.sgitario.quarkus.web3j.client.deployment.QuarkusWeb3jClientTest" time="2.012" tests="1" errors="0" skipped="0" failures="0">
  <properties>
    <property name="awt.toolkit" value="sun.awt.X11.XToolkit"/>
    <property name="java.specification.version" value="11"/>
    <property name="sun.cpu.isalist" value=""/>
    <property name="sun.jnu.encoding" value="UTF-8"/>
    <property name="java.class.path" value="/home/jcarvaja/sources/web3j-quarkus-example/quarkus-web3j-client/deployment/target/test-classes:/home/jcarvaja/sources/web3j-quarkus-example/quarkus-web3j-client/deployment/target/classes:/home/jcarvaja/.m2/repository/io/quarkus/quarkus-core-deployment/1.6.0.Final/quarkus-core-deployment-1.6.0.Final.jar:/home/jcarvaja/.m2/repository/org/wildfly/common/wildfly-common/1.5.4.Final-format-001/wildfly-common-1.5.4.Final-format-001.jar:/home/jcarvaja/.m2/repository/io/quarkus/gizmo/gizmo/1.0.3.Final/gizmo-1.0.3.Final.jar:/home/jcarvaja/.m2/repository/org/ow2/asm/asm-util/8.0.1/asm-util-8.0.1.jar:/home/jcarvaja/.m2/repository/org/ow2/asm/asm-tree/8.0.1/asm-tree-8.0.1.jar:/home/jcarvaja/.m2/repository/org/ow2/asm/asm-analysis/8.0.1/asm-analysis-8.0.1.jar:/home/jcarvaja/.m2/repository/org/jboss/jandex/2.1.3.Final/jandex-2.1.3.Final.jar:/home/jcarvaja/.m2/repository/org/ow2/asm/asm/8.0.1/asm-8.0.1.jar:/home/jcarvaja/.m2/repository/io/quarkus/quarkus-development-mode-spi/1.6.0.Final/quarkus-development-mode-spi-1.6.0.Final.jar:/home/jcarvaja/.m2/repository/io/quarkus/quarkus-bootstrap-core/1.6.0.Final/quarkus-bootstrap-core-1.6.0.Final.jar:/home/jcarvaja/.m2/repository/io/quarkus/quarkus-bootstrap-app-model/1.6.0.Final/quarkus-bootstrap-app-model-1.6.0.Final.jar:/home/jcarvaja/.m2/repository/io/quarkus/quarkus-bootstrap-maven-resolver/1.6.0.Final/quarkus-bootstrap-maven-resolver-1.6.0.Final.jar:/home/jcarvaja/.m2/repository/org/apache/maven/maven-embedder/3.6.3/maven-embedder-3.6.3.jar:/home/jcarvaja/.m2/repository/org/apache/maven/maven-settings/3.6.3/maven-settings-3.6.3.jar:/home/jcarvaja/.m2/repository/org/apache/maven/maven-core/3.6.3/maven-core-3.6.3.jar:/home/jcarvaja/.m2/repository/org/apache/maven/maven-artifact/3.6.3/maven-artifact-3.6.3.jar:/home/jcarvaja/.m2/repository/org/codehaus/plexus/plexus-component-annotations/2.1.0/plexus-component-annotations-2.1.0.jar:/home/jcarvaja/.m2/repository/org/apache/maven/maven-plugin-api/3.6.3/maven-plugin-api-3.6.3.jar:/home/jcarvaja/.m2/repository/org/apache/maven/maven-model/3.6.3/maven-model-3.6.3.jar:/home/jcarvaja/.m2/repository/org/apache/maven/maven-model-builder/3.6.3/maven-model-builder-3.6.3.jar:/home/jcarvaja/.m2/repository/org/apache/maven/maven-builder-support/3.6.3/maven-builder-support-3.6.3.jar:/home/jcarvaja/.m2/repository/org/apache/maven/resolver/maven-resolver-api/1.4.1/maven-resolver-api-1.4.1.jar:/home/jcarvaja/.m2/repository/org/apache/maven/resolver/maven-resolver-util/1.4.1/maven-resolver-util-1.4.1.jar:/home/jcarvaja/.m2/repository/org/apache/maven/shared/maven-shared-utils/3.2.1/maven-shared-utils-3.2.1.jar:/home/jcarvaja/.m2/repository/commons-io/commons-io/2.6/commons-io-2.6.jar:/home/jcarvaja/.m2/repository/com/google/inject/guice/4.2.1/guice-4.2.1-no_aop.jar:/home/jcarvaja/.m2/repository/com/google/guava/guava/27.0.1-jre/guava-27.0.1-jre.jar:/home/jcarvaja/.m2/repository/com/google/guava/failureaccess/1.0.1/failureaccess-1.0.1.jar:/home/jcarvaja/.m2/repository/com/google/guava/listenablefuture/9999.0-empty-to-avoid-conflict-with-guava/listenablefuture-9999.0-empty-to-avoid-conflict-with-guava.jar:/home/jcarvaja/.m2/repository/org/codehaus/plexus/plexus-utils/3.2.1/plexus-utils-3.2.1.jar:/home/jcarvaja/.m2/repository/org/codehaus/plexus/plexus-classworlds/2.6.0/plexus-classworlds-2.6.0.jar:/home/jcarvaja/.m2/repository/commons-cli/commons-cli/1.4/commons-cli-1.4.jar:/home/jcarvaja/.m2/repository/org/apache/commons/commons-lang3/3.9/commons-lang3-3.9.jar:/home/jcarvaja/.m2/repository/org/eclipse/sisu/org.eclipse.sisu.plexus/0.3.4/org.eclipse.sisu.plexus-0.3.4.jar:/home/jcarvaja/.m2/repository/org/apache/maven/maven-settings-builder/3.6.3/maven-settings-builder-3.6.3.jar:/home/jcarvaja/.m2/repository/org/codehaus/plexus/plexus-interpolation/1.25/plexus-interpolation-1.25.jar:/home/jcarvaja/.m2/repository/org/sonatype/plexus/plexus-sec-dispatcher/1.4/plexus-sec-dispatcher-1.4.jar:/home/jcarvaja/.m2/repository/org/sonatype/plexus/plexus-cipher/1.4/plexus-cipher-1.4.jar:/home/jcarvaja/.m2/repository/org/apache/maven/maven-resolver-provider/3.6.3/maven-resolver-provider-3.6.3.jar:/home/jcarvaja/.m2/repository/org/apache/maven/maven-repository-metadata/3.6.3/maven-repository-metadata-3.6.3.jar:/home/jcarvaja/.m2/repository/org/apache/maven/resolver/maven-resolver-spi/1.4.1/maven-resolver-spi-1.4.1.jar:/home/jcarvaja/.m2/repository/org/apache/maven/resolver/maven-resolver-impl/1.4.1/maven-resolver-impl-1.4.1.jar:/home/jcarvaja/.m2/repository/org/apache/maven/resolver/maven-resolver-connector-basic/1.4.1/maven-resolver-connector-basic-1.4.1.jar:/home/jcarvaja/.m2/repository/org/apache/maven/resolver/maven-resolver-transport-wagon/1.4.1/maven-resolver-transport-wagon-1.4.1.jar:/home/jcarvaja/.m2/repository/org/apache/maven/wagon/wagon-http/3.3.4/wagon-http-3.3.4.jar:/home/jcarvaja/.m2/repository/org/apache/maven/wagon/wagon-http-shared/3.3.4/wagon-http-shared-3.3.4.jar:/home/jcarvaja/.m2/repository/org/jsoup/jsoup/1.12.1/jsoup-1.12.1.jar:/home/jcarvaja/.m2/repository/org/apache/httpcomponents/httpclient/4.5.12/httpclient-4.5.12.jar:/home/jcarvaja/.m2/repository/commons-codec/commons-codec/1.14/commons-codec-1.14.jar:/home/jcarvaja/.m2/repository/org/apache/httpcomponents/httpcore/4.4.13/httpcore-4.4.13.jar:/home/jcarvaja/.m2/repository/org/apache/maven/wagon/wagon-provider-api/3.3.4/wagon-provider-api-3.3.4.jar:/home/jcarvaja/.m2/repository/org/apache/maven/wagon/wagon-file/3.3.4/wagon-file-3.3.4.jar:/home/jcarvaja/.m2/repository/io/quarkus/quarkus-devtools-utilities/1.6.0.Final/quarkus-devtools-utilities-1.6.0.Final.jar:/home/jcarvaja/.m2/repository/org/eclipse/sisu/org.eclipse.sisu.inject/0.3.4/org.eclipse.sisu.inject-0.3.4.jar:/home/jcarvaja/.m2/repository/io/quarkus/quarkus-core/1.6.0.Final/quarkus-core-1.6.0.Final.jar:/home/jcarvaja/.m2/repository/jakarta/annotation/jakarta.annotation-api/1.3.5/jakarta.annotation-api-1.3.5.jar:/home/jcarvaja/.m2/repository/jakarta/inject/jakarta.inject-api/1.0/jakarta.inject-api-1.0.jar:/home/jcarvaja/.m2/repository/io/quarkus/quarkus-ide-launcher/1.6.0.Final/quarkus-ide-launcher-1.6.0.Final.jar:/home/jcarvaja/.m2/repository/io/smallrye/config/smallrye-config/1.8.1/smallrye-config-1.8.1.jar:/home/jcarvaja/.m2/repository/io/smallrye/common/smallrye-common-annotation/1.0.2/smallrye-common-annotation-1.0.2.jar:/home/jcarvaja/.m2/repository/io/smallrye/config/smallrye-config-common/1.8.1/smallrye-config-common-1.8.1.jar:/home/jcarvaja/.m2/repository/org/eclipse/microprofile/config/microprofile-config-api/1.4/microprofile-config-api-1.4.jar:/home/jcarvaja/.m2/repository/io/smallrye/common/smallrye-common-expression/1.0.2/smallrye-common-expression-1.0.2.jar:/home/jcarvaja/.m2/repository/io/smallrye/common/smallrye-common-function/1.0.2/smallrye-common-function-1.0.2.jar:/home/jcarvaja/.m2/repository/io/smallrye/common/smallrye-common-constraint/1.0.2/smallrye-common-constraint-1.0.2.jar:/home/jcarvaja/.m2/repository/org/jboss/logging/jboss-logging/3.3.2.Final/jboss-logging-3.3.2.Final.jar:/home/jcarvaja/.m2/repository/org/jboss/logmanager/jboss-logmanager-embedded/1.0.4/jboss-logmanager-embedded-1.0.4.jar:/home/jcarvaja/.m2/repository/org/jboss/logging/jboss-logging-annotations/2.1.0.Final/jboss-logging-annotations-2.1.0.Final.jar:/home/jcarvaja/.m2/repository/org/jboss/threads/jboss-threads/3.1.1.Final/jboss-threads-3.1.1.Final.jar:/home/jcarvaja/.m2/repository/org/slf4j/slf4j-api/1.7.30/slf4j-api-1.7.30.jar:/home/jcarvaja/.m2/repository/org/jboss/slf4j/slf4j-jboss-logging/1.2.0.Final/slf4j-jboss-logging-1.2.0.Final.jar:/home/jcarvaja/.m2/repository/io/quarkus/quarkus-bootstrap-runner/1.6.0.Final/quarkus-bootstrap-runner-1.6.0.Final.jar:/home/jcarvaja/.m2/repository/io/quarkus/quarkus-builder/1.6.0.Final/quarkus-builder-1.6.0.Final.jar:/home/jcarvaja/.m2/repository/org/graalvm/sdk/graal-sdk/20.1.0/graal-sdk-20.1.0.jar:/home/jcarvaja/.m2/repository/io/quarkus/quarkus-arc-deployment/1.6.0.Final/quarkus-arc-deployment-1.6.0.Final.jar:/home/jcarvaja/.m2/repository/io/quarkus/quarkus-arc/1.6.0.Final/quarkus-arc-1.6.0.Final.jar:/home/jcarvaja/.m2/repository/io/quarkus/arc/arc/1.6.0.Final/arc-1.6.0.Final.jar:/home/jcarvaja/.m2/repository/jakarta/transaction/jakarta.transaction-api/1.3.3/jakarta.transaction-api-1.3.3.jar:/home/jcarvaja/.m2/repository/org/eclipse/microprofile/context-propagation/microprofile-context-propagation-api/1.0.1/microprofile-context-propagation-api-1.0.1.jar:/home/jcarvaja/.m2/repository/io/quarkus/arc/arc-processor/1.6.0.Final/arc-processor-1.6.0.Final.jar:/home/jcarvaja/.m2/repository/io/quarkus/quarkus-junit5-internal/1.6.0.Final/quarkus-junit5-internal-1.6.0.Final.jar:/home/jcarvaja/.m2/repository/org/jboss/shrinkwrap/shrinkwrap-api/1.2.6/shrinkwrap-api-1.2.6.jar:/home/jcarvaja/.m2/repository/org/jboss/shrinkwrap/shrinkwrap-spi/1.2.6/shrinkwrap-spi-1.2.6.jar:/home/jcarvaja/.m2/repository/org/jboss/shrinkwrap/shrinkwrap-impl-base/1.2.6/shrinkwrap-impl-base-1.2.6.jar:/home/jcarvaja/.m2/repository/org/junit/jupiter/junit-jupiter-api/5.6.2/junit-jupiter-api-5.6.2.jar:/home/jcarvaja/.m2/repository/org/apiguardian/apiguardian-api/1.1.0/apiguardian-api-1.1.0.jar:/home/jcarvaja/.m2/repository/org/opentest4j/opentest4j/1.2.0/opentest4j-1.2.0.jar:/home/jcarvaja/.m2/repository/org/junit/platform/junit-platform-commons/1.6.2/junit-platform-commons-1.6.2.jar:/home/jcarvaja/.m2/repository/org/junit/jupiter/junit-jupiter-params/5.6.2/junit-jupiter-params-5.6.2.jar:/home/jcarvaja/.m2/repository/org/junit/jupiter/junit-jupiter-engine/5.6.2/junit-jupiter-engine-5.6.2.jar:/home/jcarvaja/.m2/repository/org/junit/platform/junit-platform-engine/1.6.2/junit-platform-engine-1.6.2.jar:/home/jcarvaja/.m2/repository/io/quarkus/quarkus-test-common/1.6.0.Final/quarkus-test-common-1.6.0.Final.jar:/home/jcarvaja/.m2/repository/io/quarkus/quarkus-jsonp-deployment/1.6.0.Final/quarkus-jsonp-deployment-1.6.0.Final.jar:/home/jcarvaja/.m2/repository/io/quarkus/quarkus-jsonp/1.6.0.Final/quarkus-jsonp-1.6.0.Final.jar:/home/jcarvaja/.m2/repository/org/glassfish/jakarta.json/1.1.6/jakarta.json-1.1.6.jar:/home/jcarvaja/.m2/repository/org/jboss/logging/commons-logging-jboss-logging/1.0.0.Final/commons-logging-jboss-logging-1.0.0.Final.jar:/home/jcarvaja/.m2/repository/jakarta/enterprise/jakarta.enterprise.cdi-api/2.0.2/jakarta.enterprise.cdi-api-2.0.2.jar:/home/jcarvaja/.m2/repository/jakarta/el/jakarta.el-api/3.0.3/jakarta.el-api-3.0.3.jar:/home/jcarvaja/.m2/repository/jakarta/interceptor/jakarta.interceptor-api/1.2.5/jakarta.interceptor-api-1.2.5.jar:/home/jcarvaja/sources/web3j-quarkus-example/quarkus-web3j-client/runtime/target/quarkus-web3j-client-1.0-SNAPSHOT.jar:/home/jcarvaja/.m2/repository/org/web3j/core/4.5.11/core-4.5.11.jar:/home/jcarvaja/.m2/repository/org/web3j/abi/4.5.11/abi-4.5.11.jar:/home/jcarvaja/.m2/repository/org/web3j/utils/4.5.11/utils-4.5.11.jar:/home/jcarvaja/.m2/repository/org/bouncycastle/bcprov-jdk15on/1.61/bcprov-jdk15on-1.61.jar:/home/jcarvaja/.m2/repository/org/web3j/crypto/4.5.11/crypto-4.5.11.jar:/home/jcarvaja/.m2/repository/org/web3j/rlp/4.5.11/rlp-4.5.11.jar:/home/jcarvaja/.m2/repository/org/web3j/tuples/4.5.11/tuples-4.5.11.jar:/home/jcarvaja/.m2/repository/com/github/jnr/jnr-unixsocket/0.21/jnr-unixsocket-0.21.jar:/home/jcarvaja/.m2/repository/com/github/jnr/jnr-ffi/2.1.9/jnr-ffi-2.1.9.jar:/home/jcarvaja/.m2/repository/com/github/jnr/jffi/1.2.17/jffi-1.2.17.jar:/home/jcarvaja/.m2/repository/com/github/jnr/jffi/1.2.16/jffi-1.2.16-native.jar:/home/jcarvaja/.m2/repository/org/ow2/asm/asm-commons/5.0.3/asm-commons-5.0.3.jar:/home/jcarvaja/.m2/repository/com/github/jnr/jnr-a64asm/1.0.0/jnr-a64asm-1.0.0.jar:/home/jcarvaja/.m2/repository/com/github/jnr/jnr-x86asm/1.0.2/jnr-x86asm-1.0.2.jar:/home/jcarvaja/.m2/repository/com/github/jnr/jnr-constants/0.9.11/jnr-constants-0.9.11.jar:/home/jcarvaja/.m2/repository/com/github/jnr/jnr-enxio/0.19/jnr-enxio-0.19.jar:/home/jcarvaja/.m2/repository/com/github/jnr/jnr-posix/3.0.47/jnr-posix-3.0.47.jar:/home/jcarvaja/.m2/repository/com/squareup/okhttp3/okhttp/3.14.6/okhttp-3.14.6.jar:/home/jcarvaja/.m2/repository/com/squareup/okio/okio/1.17.2/okio-1.17.2.jar:/home/jcarvaja/.m2/repository/com/squareup/okhttp3/logging-interceptor/3.8.1/logging-interceptor-3.8.1.jar:/home/jcarvaja/.m2/repository/io/reactivex/rxjava2/rxjava/2.2.19/rxjava-2.2.19.jar:/home/jcarvaja/.m2/repository/org/reactivestreams/reactive-streams/1.0.3/reactive-streams-1.0.3.jar:/home/jcarvaja/.m2/repository/org/java-websocket/Java-WebSocket/1.3.8/Java-WebSocket-1.3.8.jar:/home/jcarvaja/.m2/repository/com/fasterxml/jackson/core/jackson-databind/2.10.4/jackson-databind-2.10.4.jar:/home/jcarvaja/.m2/repository/com/fasterxml/jackson/core/jackson-annotations/2.10.4/jackson-annotations-2.10.4.jar:/home/jcarvaja/.m2/repository/com/fasterxml/jackson/core/jackson-core/2.10.4/jackson-core-2.10.4.jar:"/>
    <property name="java.vm.vendor" value="Oracle Corporation"/>
    <property name="sun.arch.data.model" value="64"/>
    <property name="java.vendor.url" value="http://java.oracle.com/"/>
    <property name="user.timezone" value=""/>
    <property name="java.vm.specification.version" value="11"/>
    <property name="os.name" value="Linux"/>
    <property name="sun.java.launcher" value="SUN_STANDARD"/>
    <property name="user.country" value="GB"/>
    <property name="sun.boot.library.path" value="/usr/lib/jvm/java-11-openjdk-11.0.7.10-0.fc32.x86_64/lib"/>
    <property name="sun.java.command" value="/home/jcarvaja/sources/web3j-quarkus-example/quarkus-web3j-client/deployment/target/surefire/surefirebooter2205002140982114430.jar /home/jcarvaja/sources/web3j-quarkus-example/quarkus-web3j-client/deployment/target/surefire 2020-07-09T15-39-40_756-jvmRun1 surefire1207001145781660480tmp surefire_06351952445148769611tmp"/>
    <property name="jdk.debug" value="release"/>
    <property name="surefire.test.class.path" value="/home/jcarvaja/sources/web3j-quarkus-example/quarkus-web3j-client/deployment/target/test-classes:/home/jcarvaja/sources/web3j-quarkus-example/quarkus-web3j-client/deployment/target/classes:/home/jcarvaja/.m2/repository/io/quarkus/quarkus-core-deployment/1.6.0.Final/quarkus-core-deployment-1.6.0.Final.jar:/home/jcarvaja/.m2/repository/org/wildfly/common/wildfly-common/1.5.4.Final-format-001/wildfly-common-1.5.4.Final-format-001.jar:/home/jcarvaja/.m2/repository/io/quarkus/gizmo/gizmo/1.0.3.Final/gizmo-1.0.3.Final.jar:/home/jcarvaja/.m2/repository/org/ow2/asm/asm-util/8.0.1/asm-util-8.0.1.jar:/home/jcarvaja/.m2/repository/org/ow2/asm/asm-tree/8.0.1/asm-tree-8.0.1.jar:/home/jcarvaja/.m2/repository/org/ow2/asm/asm-analysis/8.0.1/asm-analysis-8.0.1.jar:/home/jcarvaja/.m2/repository/org/jboss/jandex/2.1.3.Final/jandex-2.1.3.Final.jar:/home/jcarvaja/.m2/repository/org/ow2/asm/asm/8.0.1/asm-8.0.1.jar:/home/jcarvaja/.m2/repository/io/quarkus/quarkus-development-mode-spi/1.6.0.Final/quarkus-development-mode-spi-1.6.0.Final.jar:/home/jcarvaja/.m2/repository/io/quarkus/quarkus-bootstrap-core/1.6.0.Final/quarkus-bootstrap-core-1.6.0.Final.jar:/home/jcarvaja/.m2/repository/io/quarkus/quarkus-bootstrap-app-model/1.6.0.Final/quarkus-bootstrap-app-model-1.6.0.Final.jar:/home/jcarvaja/.m2/repository/io/quarkus/quarkus-bootstrap-maven-resolver/1.6.0.Final/quarkus-bootstrap-maven-resolver-1.6.0.Final.jar:/home/jcarvaja/.m2/repository/org/apache/maven/maven-embedder/3.6.3/maven-embedder-3.6.3.jar:/home/jcarvaja/.m2/repository/org/apache/maven/maven-settings/3.6.3/maven-settings-3.6.3.jar:/home/jcarvaja/.m2/repository/org/apache/maven/maven-core/3.6.3/maven-core-3.6.3.jar:/home/jcarvaja/.m2/repository/org/apache/maven/maven-artifact/3.6.3/maven-artifact-3.6.3.jar:/home/jcarvaja/.m2/repository/org/codehaus/plexus/plexus-component-annotations/2.1.0/plexus-component-annotations-2.1.0.jar:/home/jcarvaja/.m2/repository/org/apache/maven/maven-plugin-api/3.6.3/maven-plugin-api-3.6.3.jar:/home/jcarvaja/.m2/repository/org/apache/maven/maven-model/3.6.3/maven-model-3.6.3.jar:/home/jcarvaja/.m2/repository/org/apache/maven/maven-model-builder/3.6.3/maven-model-builder-3.6.3.jar:/home/jcarvaja/.m2/repository/org/apache/maven/maven-builder-support/3.6.3/maven-builder-support-3.6.3.jar:/home/jcarvaja/.m2/repository/org/apache/maven/resolver/maven-resolver-api/1.4.1/maven-resolver-api-1.4.1.jar:/home/jcarvaja/.m2/repository/org/apache/maven/resolver/maven-resolver-util/1.4.1/maven-resolver-util-1.4.1.jar:/home/jcarvaja/.m2/repository/org/apache/maven/shared/maven-shared-utils/3.2.1/maven-shared-utils-3.2.1.jar:/home/jcarvaja/.m2/repository/commons-io/commons-io/2.6/commons-io-2.6.jar:/home/jcarvaja/.m2/repository/com/google/inject/guice/4.2.1/guice-4.2.1-no_aop.jar:/home/jcarvaja/.m2/repository/com/google/guava/guava/27.0.1-jre/guava-27.0.1-jre.jar:/home/jcarvaja/.m2/repository/com/google/guava/failureaccess/1.0.1/failureaccess-1.0.1.jar:/home/jcarvaja/.m2/repository/com/google/guava/listenablefuture/9999.0-empty-to-avoid-conflict-with-guava/listenablefuture-9999.0-empty-to-avoid-conflict-with-guava.jar:/home/jcarvaja/.m2/repository/org/codehaus/plexus/plexus-utils/3.2.1/plexus-utils-3.2.1.jar:/home/jcarvaja/.m2/repository/org/codehaus/plexus/plexus-classworlds/2.6.0/plexus-classworlds-2.6.0.jar:/home/jcarvaja/.m2/repository/commons-cli/commons-cli/1.4/commons-cli-1.4.jar:/home/jcarvaja/.m2/repository/org/apache/commons/commons-lang3/3.9/commons-lang3-3.9.jar:/home/jcarvaja/.m2/repository/org/eclipse/sisu/org.eclipse.sisu.plexus/0.3.4/org.eclipse.sisu.plexus-0.3.4.jar:/home/jcarvaja/.m2/repository/org/apache/maven/maven-settings-builder/3.6.3/maven-settings-builder-3.6.3.jar:/home/jcarvaja/.m2/repository/org/codehaus/plexus/plexus-interpolation/1.25/plexus-interpolation-1.25.jar:/home/jcarvaja/.m2/repository/org/sonatype/plexus/plexus-sec-dispatcher/1.4/plexus-sec-dispatcher-1.4.jar:/home/jcarvaja/.m2/repository/org/sonatype/plexus/plexus-cipher/1.4/plexus-cipher-1.4.jar:/home/jcarvaja/.m2/repository/org/apache/maven/maven-resolver-provider/3.6.3/maven-resolver-provider-3.6.3.jar:/home/jcarvaja/.m2/repository/org/apache/maven/maven-repository-metadata/3.6.3/maven-repository-metadata-3.6.3.jar:/home/jcarvaja/.m2/repository/org/apache/maven/resolver/maven-resolver-spi/1.4.1/maven-resolver-spi-1.4.1.jar:/home/jcarvaja/.m2/repository/org/apache/maven/resolver/maven-resolver-impl/1.4.1/maven-resolver-impl-1.4.1.jar:/home/jcarvaja/.m2/repository/org/apache/maven/resolver/maven-resolver-connector-basic/1.4.1/maven-resolver-connector-basic-1.4.1.jar:/home/jcarvaja/.m2/repository/org/apache/maven/resolver/maven-resolver-transport-wagon/1.4.1/maven-resolver-transport-wagon-1.4.1.jar:/home/jcarvaja/.m2/repository/org/apache/maven/wagon/wagon-http/3.3.4/wagon-http-3.3.4.jar:/home/jcarvaja/.m2/repository/org/apache/maven/wagon/wagon-http-shared/3.3.4/wagon-http-shared-3.3.4.jar:/home/jcarvaja/.m2/repository/org/jsoup/jsoup/1.12.1/jsoup-1.12.1.jar:/home/jcarvaja/.m2/repository/org/apache/httpcomponents/httpclient/4.5.12/httpclient-4.5.12.jar:/home/jcarvaja/.m2/repository/commons-codec/commons-codec/1.14/commons-codec-1.14.jar:/home/jcarvaja/.m2/repository/org/apache/httpcomponents/httpcore/4.4.13/httpcore-4.4.13.jar:/home/jcarvaja/.m2/repository/org/apache/maven/wagon/wagon-provider-api/3.3.4/wagon-provider-api-3.3.4.jar:/home/jcarvaja/.m2/repository/org/apache/maven/wagon/wagon-file/3.3.4/wagon-file-3.3.4.jar:/home/jcarvaja/.m2/repository/io/quarkus/quarkus-devtools-utilities/1.6.0.Final/quarkus-devtools-utilities-1.6.0.Final.jar:/home/jcarvaja/.m2/repository/org/eclipse/sisu/org.eclipse.sisu.inject/0.3.4/org.eclipse.sisu.inject-0.3.4.jar:/home/jcarvaja/.m2/repository/io/quarkus/quarkus-core/1.6.0.Final/quarkus-core-1.6.0.Final.jar:/home/jcarvaja/.m2/repository/jakarta/annotation/jakarta.annotation-api/1.3.5/jakarta.annotation-api-1.3.5.jar:/home/jcarvaja/.m2/repository/jakarta/inject/jakarta.inject-api/1.0/jakarta.inject-api-1.0.jar:/home/jcarvaja/.m2/repository/io/quarkus/quarkus-ide-launcher/1.6.0.Final/quarkus-ide-launcher-1.6.0.Final.jar:/home/jcarvaja/.m2/repository/io/smallrye/config/smallrye-config/1.8.1/smallrye-config-1.8.1.jar:/home/jcarvaja/.m2/repository/io/smallrye/common/smallrye-common-annotation/1.0.2/smallrye-common-annotation-1.0.2.jar:/home/jcarvaja/.m2/repository/io/smallrye/config/smallrye-config-common/1.8.1/smallrye-config-common-1.8.1.jar:/home/jcarvaja/.m2/repository/org/eclipse/microprofile/config/microprofile-config-api/1.4/microprofile-config-api-1.4.jar:/home/jcarvaja/.m2/repository/io/smallrye/common/smallrye-common-expression/1.0.2/smallrye-common-expression-1.0.2.jar:/home/jcarvaja/.m2/repository/io/smallrye/common/smallrye-common-function/1.0.2/smallrye-common-function-1.0.2.jar:/home/jcarvaja/.m2/repository/io/smallrye/common/smallrye-common-constraint/1.0.2/smallrye-common-constraint-1.0.2.jar:/home/jcarvaja/.m2/repository/org/jboss/logging/jboss-logging/3.3.2.Final/jboss-logging-3.3.2.Final.jar:/home/jcarvaja/.m2/repository/org/jboss/logmanager/jboss-logmanager-embedded/1.0.4/jboss-logmanager-embedded-1.0.4.jar:/home/jcarvaja/.m2/repository/org/jboss/logging/jboss-logging-annotations/2.1.0.Final/jboss-logging-annotations-2.1.0.Final.jar:/home/jcarvaja/.m2/repository/org/jboss/threads/jboss-threads/3.1.1.Final/jboss-threads-3.1.1.Final.jar:/home/jcarvaja/.m2/repository/org/slf4j/slf4j-api/1.7.30/slf4j-api-1.7.30.jar:/home/jcarvaja/.m2/repository/org/jboss/slf4j/slf4j-jboss-logging/1.2.0.Final/slf4j-jboss-logging-1.2.0.Final.jar:/home/jcarvaja/.m2/repository/io/quarkus/quarkus-bootstrap-runner/1.6.0.Final/quarkus-bootstrap-runner-1.6.0.Final.jar:/home/jcarvaja/.m2/repository/io/quarkus/quarkus-builder/1.6.0.Final/quarkus-builder-1.6.0.Final.jar:/home/jcarvaja/.m2/repository/org/graalvm/sdk/graal-sdk/20.1.0/graal-sdk-20.1.0.jar:/home/jcarvaja/.m2/repository/io/quarkus/quarkus-arc-deployment/1.6.0.Final/quarkus-arc-deployment-1.6.0.Final.jar:/home/jcarvaja/.m2/repository/io/quarkus/quarkus-arc/1.6.0.Final/quarkus-arc-1.6.0.Final.jar:/home/jcarvaja/.m2/repository/io/quarkus/arc/arc/1.6.0.Final/arc-1.6.0.Final.jar:/home/jcarvaja/.m2/repository/jakarta/transaction/jakarta.transaction-api/1.3.3/jakarta.transaction-api-1.3.3.jar:/home/jcarvaja/.m2/repository/org/eclipse/microprofile/context-propagation/microprofile-context-propagation-api/1.0.1/microprofile-context-propagation-api-1.0.1.jar:/home/jcarvaja/.m2/repository/io/quarkus/arc/arc-processor/1.6.0.Final/arc-processor-1.6.0.Final.jar:/home/jcarvaja/.m2/repository/io/quarkus/quarkus-junit5-internal/1.6.0.Final/quarkus-junit5-internal-1.6.0.Final.jar:/home/jcarvaja/.m2/repository/org/jboss/shrinkwrap/shrinkwrap-api/1.2.6/shrinkwrap-api-1.2.6.jar:/home/jcarvaja/.m2/repository/org/jboss/shrinkwrap/shrinkwrap-spi/1.2.6/shrinkwrap-spi-1.2.6.jar:/home/jcarvaja/.m2/repository/org/jboss/shrinkwrap/shrinkwrap-impl-base/1.2.6/shrinkwrap-impl-base-1.2.6.jar:/home/jcarvaja/.m2/repository/org/junit/jupiter/junit-jupiter-api/5.6.2/junit-jupiter-api-5.6.2.jar:/home/jcarvaja/.m2/repository/org/apiguardian/apiguardian-api/1.1.0/apiguardian-api-1.1.0.jar:/home/jcarvaja/.m2/repository/org/opentest4j/opentest4j/1.2.0/opentest4j-1.2.0.jar:/home/jcarvaja/.m2/repository/org/junit/platform/junit-platform-commons/1.6.2/junit-platform-commons-1.6.2.jar:/home/jcarvaja/.m2/repository/org/junit/jupiter/junit-jupiter-params/5.6.2/junit-jupiter-params-5.6.2.jar:/home/jcarvaja/.m2/repository/org/junit/jupiter/junit-jupiter-engine/5.6.2/junit-jupiter-engine-5.6.2.jar:/home/jcarvaja/.m2/repository/org/junit/platform/junit-platform-engine/1.6.2/junit-platform-engine-1.6.2.jar:/home/jcarvaja/.m2/repository/io/quarkus/quarkus-test-common/1.6.0.Final/quarkus-test-common-1.6.0.Final.jar:/home/jcarvaja/.m2/repository/io/quarkus/quarkus-jsonp-deployment/1.6.0.Final/quarkus-jsonp-deployment-1.6.0.Final.jar:/home/jcarvaja/.m2/repository/io/quarkus/quarkus-jsonp/1.6.0.Final/quarkus-jsonp-1.6.0.Final.jar:/home/jcarvaja/.m2/repository/org/glassfish/jakarta.json/1.1.6/jakarta.json-1.1.6.jar:/home/jcarvaja/.m2/repository/org/jboss/logging/commons-logging-jboss-logging/1.0.0.Final/commons-logging-jboss-logging-1.0.0.Final.jar:/home/jcarvaja/.m2/repository/jakarta/enterprise/jakarta.enterprise.cdi-api/2.0.2/jakarta.enterprise.cdi-api-2.0.2.jar:/home/jcarvaja/.m2/repository/jakarta/el/jakarta.el-api/3.0.3/jakarta.el-api-3.0.3.jar:/home/jcarvaja/.m2/repository/jakarta/interceptor/jakarta.interceptor-api/1.2.5/jakarta.interceptor-api-1.2.5.jar:/home/jcarvaja/sources/web3j-quarkus-example/quarkus-web3j-client/runtime/target/quarkus-web3j-client-1.0-SNAPSHOT.jar:/home/jcarvaja/.m2/repository/org/web3j/core/4.5.11/core-4.5.11.jar:/home/jcarvaja/.m2/repository/org/web3j/abi/4.5.11/abi-4.5.11.jar:/home/jcarvaja/.m2/repository/org/web3j/utils/4.5.11/utils-4.5.11.jar:/home/jcarvaja/.m2/repository/org/bouncycastle/bcprov-jdk15on/1.61/bcprov-jdk15on-1.61.jar:/home/jcarvaja/.m2/repository/org/web3j/crypto/4.5.11/crypto-4.5.11.jar:/home/jcarvaja/.m2/repository/org/web3j/rlp/4.5.11/rlp-4.5.11.jar:/home/jcarvaja/.m2/repository/org/web3j/tuples/4.5.11/tuples-4.5.11.jar:/home/jcarvaja/.m2/repository/com/github/jnr/jnr-unixsocket/0.21/jnr-unixsocket-0.21.jar:/home/jcarvaja/.m2/repository/com/github/jnr/jnr-ffi/2.1.9/jnr-ffi-2.1.9.jar:/home/jcarvaja/.m2/repository/com/github/jnr/jffi/1.2.17/jffi-1.2.17.jar:/home/jcarvaja/.m2/repository/com/github/jnr/jffi/1.2.16/jffi-1.2.16-native.jar:/home/jcarvaja/.m2/repository/org/ow2/asm/asm-commons/5.0.3/asm-commons-5.0.3.jar:/home/jcarvaja/.m2/repository/com/github/jnr/jnr-a64asm/1.0.0/jnr-a64asm-1.0.0.jar:/home/jcarvaja/.m2/repository/com/github/jnr/jnr-x86asm/1.0.2/jnr-x86asm-1.0.2.jar:/home/jcarvaja/.m2/repository/com/github/jnr/jnr-constants/0.9.11/jnr-constants-0.9.11.jar:/home/jcarvaja/.m2/repository/com/github/jnr/jnr-enxio/0.19/jnr-enxio-0.19.jar:/home/jcarvaja/.m2/repository/com/github/jnr/jnr-posix/3.0.47/jnr-posix-3.0.47.jar:/home/jcarvaja/.m2/repository/com/squareup/okhttp3/okhttp/3.14.6/okhttp-3.14.6.jar:/home/jcarvaja/.m2/repository/com/squareup/okio/okio/1.17.2/okio-1.17.2.jar:/home/jcarvaja/.m2/repository/com/squareup/okhttp3/logging-interceptor/3.8.1/logging-interceptor-3.8.1.jar:/home/jcarvaja/.m2/repository/io/reactivex/rxjava2/rxjava/2.2.19/rxjava-2.2.19.jar:/home/jcarvaja/.m2/repository/org/reactivestreams/reactive-streams/1.0.3/reactive-streams-1.0.3.jar:/home/jcarvaja/.m2/repository/org/java-websocket/Java-WebSocket/1.3.8/Java-WebSocket-1.3.8.jar:/home/jcarvaja/.m2/repository/com/fasterxml/jackson/core/jackson-databind/2.10.4/jackson-databind-2.10.4.jar:/home/jcarvaja/.m2/repository/com/fasterxml/jackson/core/jackson-annotations/2.10.4/jackson-annotations-2.10.4.jar:/home/jcarvaja/.m2/repository/com/fasterxml/jackson/core/jackson-core/2.10.4/jackson-core-2.10.4.jar:"/>
    <property name="sun.cpu.endian" value="little"/>
    <property name="user.home" value="/home/jcarvaja"/>
    <property name="user.language" value="en"/>
    <property name="java.specification.vendor" value="Oracle Corporation"/>
    <property name="java.version.date" value="2020-04-14"/>
    <property name="java.home" value="/usr/lib/jvm/java-11-openjdk-11.0.7.10-0.fc32.x86_64"/>
    <property name="file.separator" value="/"/>
    <property name="basedir" value="/home/jcarvaja/sources/web3j-quarkus-example/quarkus-web3j-client/deployment"/>
    <property name="java.vm.compressedOopsMode" value="Zero based"/>
    <property name="line.separator" value="&#10;"/>
    <property name="java.specification.name" value="Java Platform API Specification"/>
    <property name="java.vm.specification.vendor" value="Oracle Corporation"/>
    <property name="java.awt.graphicsenv" value="sun.awt.X11GraphicsEnvironment"/>
    <property name="surefire.real.class.path" value="/home/jcarvaja/sources/web3j-quarkus-example/quarkus-web3j-client/deployment/target/surefire/surefirebooter2205002140982114430.jar"/>
    <property name="sun.management.compiler" value="HotSpot 64-Bit Tiered Compilers"/>
    <property name="java.runtime.version" value="11.0.7+10"/>
    <property name="user.name" value="jcarvaja"/>
    <property name="path.separator" value=":"/>
    <property name="os.version" value="5.6.15-300.fc32.x86_64"/>
    <property name="java.runtime.name" value="OpenJDK Runtime Environment"/>
    <property name="file.encoding" value="UTF-8"/>
    <property name="java.vm.name" value="OpenJDK 64-Bit Server VM"/>
    <property name="java.vendor.version" value="18.9"/>
    <property name="localRepository" value="/home/jcarvaja/.m2/repository"/>
    <property name="java.vendor.url.bug" value="http://bugreport.java.com/bugreport/"/>
    <property name="java.io.tmpdir" value="/tmp"/>
    <property name="java.version" value="11.0.7"/>
    <property name="user.dir" value="/home/jcarvaja/sources/web3j-quarkus-example/quarkus-web3j-client/deployment"/>
    <property name="os.arch" value="amd64"/>
    <property name="java.vm.specification.name" value="Java Virtual Machine Specification"/>
    <property name="java.awt.printerjob" value="sun.print.PSPrinterJob"/>
    <property name="sun.os.patch.level" value="unknown"/>
    <property name="java.util.logging.manager" value="org.jboss.logmanager.LogManager"/>
    <property name="java.library.path" value="/usr/java/packages/lib:/usr/lib64:/lib64:/lib:/usr/lib"/>
    <property name="java.vendor" value="Oracle Corporation"/>
    <property name="java.vm.info" value="mixed mode, sharing"/>
    <property name="java.vm.version" value="11.0.7+10"/>
    <property name="sun.io.unicode.encoding" value="UnicodeLittle"/>
    <property name="java.class.version" value="55.0"/>
  </properties>
  <testcase name="checkUrlIsLoaded" classname="org.sgitario.quarkus.web3j.client.deployment.QuarkusWeb3jClientTest" time="0.021"/>
</testsuite>